<?xml version="1.0" encoding="UTF-8"?>
<testsuites name="order_integrate" time="64" tests="2" failures="0" errors="1">
   <testsuite name="order_integrate" tests="2" failures="0" errors="1" time="64" timestamp="2019-01-31 11:42:56" hostname="140179 - AD0-W-D10596.ssg.global" id="Test Suites/order_integrate">
      <properties>
         <property name="deviceName" value=""/>
         <property name="devicePlatform" value=""/>
         <property name="logFolder" value="D:\\development\\katalon\\ssg\\Reports\\order_integrate\\20190131_114254"/>
         <property name="logFiles" value="D:\\development\\katalon\\ssg\\Reports\\order_integrate\\20190131_114254\\execution0.log"/>
         <property name="attachments" value=""/>
         <property name="hostName" value="140179 - AD0-W-D10596.ssg.global"/>
         <property name="os" value="Windows 7 64bit"/>
         <property name="katalonVersion" value="5.10.1.1"/>
         <property name="browser" value="Chrome 71.0.3578.98"/>
         <property name="hostAddress" value="10.149.181.162"/>
         <property name="sessionId" value="9cd5f25666e1a3e341dadca6929c4b32"/>
         <property name="seleniumVersion" value="3.7.1"/>
         <property name="proxyInformation" value="ProxyInformation{proxyOption=NO_PROXY, proxyServerType=HTTP, password=, proxyServerAddress=, proxyServerPort=0}"/>
         <property name="platform" value="Windows 7"/>
      </properties>
      <testcase name="Test Cases/ssg_login" classname="Test Cases/ssg_login" status="PASSED">
         <system-out><![CDATA[2019-01-31 11:42:56 - [TEST_CASE][PASSED] - Test Cases/ssg_login: Test Cases/ssg_login

2019-01-31 11:42:57 - [TEST_STEP][PASSED] - openBrowser(""): Browser is opened with url: ''

2019-01-31 11:42:57 - [MESSAGE][INFO] - Starting 'Chrome' driver

2019-01-31 11:42:57 - [MESSAGE][INFO] - Action delay is set to 0 seconds

2019-01-31 11:43:03 - [MESSAGE][PASSED] - Browser is opened with url: ''

2019-01-31 11:43:03 - [TEST_STEP][PASSED] - navigateToUrl("http://qa-www.ssg.com/"): Navigate to 'http://qa-www.ssg.com/' successfully

2019-01-31 11:43:05 - [MESSAGE][PASSED] - Navigate to 'http://qa-www.ssg.com/' successfully

2019-01-31 11:43:05 - [TEST_STEP][PASSED] - txt_login_btn = getText(findTestObject("order/a_")): Text of object 'Object Repository/order/a_' is: '로그인'

2019-01-31 11:43:05 - [MESSAGE][PASSED] - Text of object 'Object Repository/order/a_' is: '로그인'

2019-01-31 11:43:05 - [TEST_STEP][PASSED] - if (txt_login_btn == "로그인"): Switched to window with title: '신세계적 쇼핑포털 SSG.COM'

2019-01-31 11:43:05 - [TEST_STEP][PASSED] - click(findTestObject("Object Repository/order/a_")): Object: 'Object Repository/order/a_' is clicked on

2019-01-31 11:43:06 - [MESSAGE][PASSED] - Object: 'Object Repository/order/a_' is clicked on

2019-01-31 11:43:06 - [TEST_STEP][PASSED] - switchToWindowTitle("로그인, 신세계적 쇼핑포털 SSG.COM"): Switched to window with title: '로그인, 신세계적 쇼핑포털 SSG.COM'

2019-01-31 11:43:07 - [MESSAGE][PASSED] - Switched to window with title: '로그인, 신세계적 쇼핑포털 SSG.COM'

2019-01-31 11:43:07 - [TEST_STEP][PASSED] - setText(findTestObject("Object Repository/order/input__mbrLoginId"), "nezz"): Text 'nezz' is set on object 'Object Repository/order/input__mbrLoginId'

2019-01-31 11:43:07 - [MESSAGE][PASSED] - Text 'nezz' is set on object 'Object Repository/order/input__mbrLoginId'

2019-01-31 11:43:07 - [TEST_STEP][PASSED] - setEncryptedText(findTestObject("Object Repository/order/input__password"), "RKSwBYi2f48="): Text ****** has been set on object 'Object Repository/order/input__password'

2019-01-31 11:43:07 - [MESSAGE][PASSED] - Text ****** has been set on object 'Object Repository/order/input__password'

2019-01-31 11:43:07 - [TEST_STEP][PASSED] - click(findTestObject("Object Repository/order/button_")): Object: 'Object Repository/order/button_' is clicked on

2019-01-31 11:43:07 - [MESSAGE][PASSED] - Object: 'Object Repository/order/button_' is clicked on

2019-01-31 11:43:07 - [TEST_STEP][PASSED] - switchToWindowTitle("신세계적 쇼핑포털 SSG.COM"): Switched to window with title: '신세계적 쇼핑포털 SSG.COM'

2019-01-31 11:43:07 - [MESSAGE][PASSED] - Switched to window with title: '신세계적 쇼핑포털 SSG.COM']]></system-out>
         <system-err><![CDATA[]]></system-err>
      </testcase>
      <testcase name="Test Cases/ssg_order" classname="Test Cases/ssg_order" status="PASSED">
         <system-out><![CDATA[2019-01-31 11:43:07 - [TEST_CASE][PASSED] - Test Cases/ssg_order: Test Cases/ssg_order

2019-01-31 11:43:08 - [TEST_STEP][PASSED] - navigateToUrl("http://qa-emart.ssg.com/item/itemView.ssg?itemId=0000008026713&siteNo=6001&salestrNo=2034"): Navigate to 'http://qa-emart.ssg.com/item/itemView.ssg?itemId=0000008026713&siteNo=6001&salestrNo=2034' successfully

2019-01-31 11:43:38 - [MESSAGE][PASSED] - Navigate to 'http://qa-emart.ssg.com/item/itemView.ssg?itemId=0000008026713&siteNo=6001&salestrNo=2034' successfully

2019-01-31 11:43:38 - [TEST_STEP][PASSED] - click(findTestObject("Object Repository/order/a__1")): Object: 'Object Repository/order/a__1' is clicked on

2019-01-31 11:43:40 - [MESSAGE][PASSED] - Object: 'Object Repository/order/a__1' is clicked on

2019-01-31 11:43:40 - [TEST_STEP][PASSED] - click(findTestObject("Object Repository/order/td_800g ()")): Object: 'Object Repository/order/td_800g ()' is clicked on

2019-01-31 11:43:40 - [MESSAGE][PASSED] - Object: 'Object Repository/order/td_800g ()' is clicked on

2019-01-31 11:43:40 - [TEST_STEP][PASSED] - click(findTestObject("order/input_select_day_time_css")): Object: 'Object Repository/order/input_select_day_time_css' is clicked on

2019-01-31 11:43:40 - [MESSAGE][PASSED] - Object: 'Object Repository/order/input_select_day_time_css' is clicked on

2019-01-31 11:43:40 - [TEST_STEP][PASSED] - click(findTestObject("Object Repository/order/input_ _shortgProcMthdCdAll_1")): Object: 'Object Repository/order/input_ _shortgProcMthdCdAll_1' is clicked on

2019-01-31 11:43:40 - [MESSAGE][PASSED] - Object: 'Object Repository/order/input_ _shortgProcMthdCdAll_1' is clicked on

2019-01-31 11:43:40 - [TEST_STEP][PASSED] - click(findTestObject("Object Repository/order/button__1")): Object: 'Object Repository/order/button__1' is clicked on

2019-01-31 11:43:42 - [MESSAGE][PASSED] - Object: 'Object Repository/order/button__1' is clicked on

2019-01-31 11:43:42 - [TEST_STEP][PASSED] - click(findTestObject("Object Repository/order/button__2")): Object: 'Object Repository/order/button__2' is clicked on

2019-01-31 11:43:42 - [MESSAGE][PASSED] - Object: 'Object Repository/order/button__2' is clicked on

2019-01-31 11:43:42 - [TEST_STEP][PASSED] - click(findTestObject("Object Repository/order/label_")): Object: 'Object Repository/order/label_' is clicked on

2019-01-31 11:43:42 - [MESSAGE][PASSED] - Object: 'Object Repository/order/label_' is clicked on

2019-01-31 11:43:42 - [TEST_STEP][PASSED] - click(findTestObject("Object Repository/order/button_0  0")): Object: 'Object Repository/order/button_0  0' is clicked on

2019-01-31 11:43:44 - [MESSAGE][PASSED] - Object: 'Object Repository/order/button_0  0' is clicked on

2019-01-31 11:43:44 - [TEST_STEP][PASSED] - ord_no = getText(findTestObject("order/ord_no_txt")): Text of object 'Object Repository/order/ord_no_txt' is: '주문번호는 20190131194331번'

2019-01-31 11:43:44 - [MESSAGE][PASSED] - Text of object 'Object Repository/order/ord_no_txt' is: '주문번호는 20190131194331번'

2019-01-31 11:43:44 - [TEST_STEP][PASSED] - ord_no = ord_no.replace("주문번호는 ", ""): null

2019-01-31 11:43:44 - [TEST_STEP][PASSED] - ord_no = ord_no.replace("번", ""): null

2019-01-31 11:43:44 - [TEST_STEP][PASSED] - out.println(ord_no): null]]></system-out>
         <system-err><![CDATA[]]></system-err>
      </testcase>
      <testcase name="Test Cases/search_ord_from_bo" classname="Test Cases/search_ord_from_bo" status="ERROR">
         <error type="ERROR" message="Test Cases/search_ord_from_bo FAILED.
Reason:
groovy.lang.MissingPropertyException: No such property: ord_no for class: Script1548900125051
	at search_ord_from_bo.run(search_ord_from_bo:38)
	at com.kms.katalon.core.main.ScriptEngine.run(ScriptEngine.java:194)
	at com.kms.katalon.core.main.ScriptEngine.runScriptAsRawText(ScriptEngine.java:119)
	at com.kms.katalon.core.main.TestCaseExecutor.runScript(TestCaseExecutor.java:328)
	at com.kms.katalon.core.main.TestCaseExecutor.doExecute(TestCaseExecutor.java:319)
	at com.kms.katalon.core.main.TestCaseExecutor.processExecutionPhase(TestCaseExecutor.java:298)
	at com.kms.katalon.core.main.TestCaseExecutor.accessMainPhase(TestCaseExecutor.java:290)
	at com.kms.katalon.core.main.TestCaseExecutor.execute(TestCaseExecutor.java:224)
	at com.kms.katalon.core.main.TestSuiteExecutor.accessTestCaseMainPhase(TestSuiteExecutor.java:129)
	at com.kms.katalon.core.main.TestSuiteExecutor.accessTestSuiteMainPhase(TestSuiteExecutor.java:112)
	at com.kms.katalon.core.main.TestSuiteExecutor.execute(TestSuiteExecutor.java:81)
	at com.kms.katalon.core.main.TestCaseMain.startTestSuite(TestCaseMain.java:149)
	at com.kms.katalon.core.main.TestCaseMain$startTestSuite$0.call(Unknown Source)
	at TempTestSuite1548902574780.run(TempTestSuite1548902574780.groovy:36)
"/>
         <system-out><![CDATA[2019-01-31 11:43:44 - [TEST_CASE][ERROR] - Test Cases/search_ord_from_bo: Test Cases/search_ord_from_bo FAILED.
Reason:
groovy.lang.MissingPropertyException: No such property: ord_no for class: Script1548900125051
	at search_ord_from_bo.run(search_ord_from_bo:38)
	at com.kms.katalon.core.main.ScriptEngine.run(ScriptEngine.java:194)
	at com.kms.katalon.core.main.ScriptEngine.runScriptAsRawText(ScriptEngine.java:119)
	at com.kms.katalon.core.main.TestCaseExecutor.runScript(TestCaseExecutor.java:328)
	at com.kms.katalon.core.main.TestCaseExecutor.doExecute(TestCaseExecutor.java:319)
	at com.kms.katalon.core.main.TestCaseExecutor.processExecutionPhase(TestCaseExecutor.java:298)
	at com.kms.katalon.core.main.TestCaseExecutor.accessMainPhase(TestCaseExecutor.java:290)
	at com.kms.katalon.core.main.TestCaseExecutor.execute(TestCaseExecutor.java:224)
	at com.kms.katalon.core.main.TestSuiteExecutor.accessTestCaseMainPhase(TestSuiteExecutor.java:129)
	at com.kms.katalon.core.main.TestSuiteExecutor.accessTestSuiteMainPhase(TestSuiteExecutor.java:112)
	at com.kms.katalon.core.main.TestSuiteExecutor.execute(TestSuiteExecutor.java:81)
	at com.kms.katalon.core.main.TestCaseMain.startTestSuite(TestCaseMain.java:149)
	at com.kms.katalon.core.main.TestCaseMain$startTestSuite$0.call(Unknown Source)
	at TempTestSuite1548902574780.run(TempTestSuite1548902574780.groovy:36)


2019-01-31 11:43:45 - [TEST_STEP][PASSED] - openBrowser(""): Browser is opened with url: ''

2019-01-31 11:43:45 - [MESSAGE][WARNING] - A browser is already opened. Closing browser and opening a new one

2019-01-31 11:43:46 - [MESSAGE][INFO] - Starting 'Chrome' driver

2019-01-31 11:43:52 - [MESSAGE][PASSED] - Browser is opened with url: ''

2019-01-31 11:43:52 - [TEST_STEP][PASSED] - navigateToUrl("https://qa-bo.ssgadm.com/authentication/login.ssg"): Navigate to 'https://qa-bo.ssgadm.com/authentication/login.ssg' successfully

2019-01-31 11:43:56 - [MESSAGE][PASSED] - Navigate to 'https://qa-bo.ssgadm.com/authentication/login.ssg' successfully

2019-01-31 11:43:56 - [TEST_STEP][PASSED] - setText(findTestObject("picking_dirc_admin/input__userId"), "140179"): Text '140179' is set on object 'Object Repository/picking_dirc_admin/input__userId'

2019-01-31 11:43:56 - [MESSAGE][PASSED] - Text '140179' is set on object 'Object Repository/picking_dirc_admin/input__userId'

2019-01-31 11:43:56 - [TEST_STEP][PASSED] - setEncryptedText(findTestObject("search_ord_from_bo/input__userPwd (1)"), "w11JizTPrrG9r5NfjDZfNA=="): Text ****** has been set on object 'Object Repository/search_ord_from_bo/input__userPwd (1)'

2019-01-31 11:43:56 - [MESSAGE][PASSED] - Text ****** has been set on object 'Object Repository/search_ord_from_bo/input__userPwd (1)'

2019-01-31 11:43:56 - [TEST_STEP][PASSED] - click(findTestObject("search_ord_from_bo/a_LOGIN (1)")): Object: 'Object Repository/search_ord_from_bo/a_LOGIN (1)' is clicked on

2019-01-31 11:43:56 - [MESSAGE][PASSED] - Object: 'Object Repository/search_ord_from_bo/a_LOGIN (1)' is clicked on

2019-01-31 11:43:56 - [TEST_STEP][PASSED] - click(findTestObject("search_ord_from_bo/a_ (1)")): Object: 'Object Repository/search_ord_from_bo/a_ (1)' is clicked on

2019-01-31 11:43:57 - [MESSAGE][PASSED] - Object: 'Object Repository/search_ord_from_bo/a_ (1)' is clicked on

2019-01-31 11:43:57 - [TEST_STEP][PASSED] - click(findTestObject("search_ord_from_bo/a_E-Infra (1)")): Object: 'Object Repository/search_ord_from_bo/a_E-Infra (1)' is clicked on

2019-01-31 11:43:58 - [MESSAGE][PASSED] - Object: 'Object Repository/search_ord_from_bo/a_E-Infra (1)' is clicked on

2019-01-31 11:43:58 - [TEST_STEP][PASSED] - click(findTestObject("search_ord_from_bo/b_E (1)")): Object: 'Object Repository/search_ord_from_bo/b_E (1)' is clicked on

2019-01-31 11:43:59 - [MESSAGE][PASSED] - Object: 'Object Repository/search_ord_from_bo/b_E (1)' is clicked on

2019-01-31 11:43:59 - [TEST_STEP][PASSED] - setText(findTestObject("search_ord_from_bo/input__salestrNm"), "성수점"): Text '성수점' is set on object 'Object Repository/search_ord_from_bo/input__salestrNm'

2019-01-31 11:43:59 - [MESSAGE][PASSED] - Text '성수점' is set on object 'Object Repository/search_ord_from_bo/input__salestrNm'

2019-01-31 11:43:59 - [TEST_STEP][PASSED] - selectOptionByValue(findTestObject("search_ord_from_bo/select_(2034)"), "2034|성수점", false): All options with value '2034|성수점' are selected in object 'Object Repository/search_ord_from_bo/select_(2034)' 

2019-01-31 11:43:59 - [MESSAGE][PASSED] - All options with value '2034|성수점' are selected in object 'Object Repository/search_ord_from_bo/select_(2034)' 

2019-01-31 11:43:59 - [TEST_STEP][PASSED] - selectOptionByValue(findTestObject("search_ord_from_bo/select_"), "20", true): All options with value '20' are selected in object 'Object Repository/search_ord_from_bo/select_'  using regular expression

2019-01-31 11:43:59 - [MESSAGE][PASSED] - All options with value '20' are selected in object 'Object Repository/search_ord_from_bo/select_'  using regular expression

2019-01-31 11:43:59 - [TEST_STEP][ERROR] - setText(findTestObject("Page_E  /textarea_WET _searchCommValueT"), ord_no): setText(findTestObject("Page_E  /textarea_WET _searchCommValueT"), ord_no) FAILED.
Reason:
groovy.lang.MissingPropertyException: No such property: ord_no for class: Script1548900125051
	at search_ord_from_bo.run(search_ord_from_bo:38)
	at com.kms.katalon.core.main.ScriptEngine.run(ScriptEngine.java:194)
	at com.kms.katalon.core.main.ScriptEngine.runScriptAsRawText(ScriptEngine.java:119)
	at com.kms.katalon.core.main.TestCaseExecutor.runScript(TestCaseExecutor.java:328)
	at com.kms.katalon.core.main.TestCaseExecutor.doExecute(TestCaseExecutor.java:319)
	at com.kms.katalon.core.main.TestCaseExecutor.processExecutionPhase(TestCaseExecutor.java:298)
	at com.kms.katalon.core.main.TestCaseExecutor.accessMainPhase(TestCaseExecutor.java:290)
	at com.kms.katalon.core.main.TestCaseExecutor.execute(TestCaseExecutor.java:224)
	at com.kms.katalon.core.main.TestSuiteExecutor.accessTestCaseMainPhase(TestSuiteExecutor.java:129)
	at com.kms.katalon.core.main.TestSuiteExecutor.accessTestSuiteMainPhase(TestSuiteExecutor.java:112)
	at com.kms.katalon.core.main.TestSuiteExecutor.execute(TestSuiteExecutor.java:81)
	at com.kms.katalon.core.main.TestCaseMain.startTestSuite(TestCaseMain.java:149)
	at com.kms.katalon.core.main.TestCaseMain$startTestSuite$0.call(Unknown Source)
	at TempTestSuite1548902574780.run(TempTestSuite1548902574780.groovy:36)


2019-01-31 11:43:59 - [MESSAGE][WARNING] - Test object with id 'Object Repository/Page_E  /textarea_WET _searchCommValueT' does not exist

2019-01-31 11:43:59 - [MESSAGE][ERROR] - setText(findTestObject("Page_E  /textarea_WET _searchCommValueT"), ord_no) FAILED.
Reason:
groovy.lang.MissingPropertyException: No such property: ord_no for class: Script1548900125051
	at search_ord_from_bo.run(search_ord_from_bo:38)
	at com.kms.katalon.core.main.ScriptEngine.run(ScriptEngine.java:194)
	at com.kms.katalon.core.main.ScriptEngine.runScriptAsRawText(ScriptEngine.java:119)
	at com.kms.katalon.core.main.TestCaseExecutor.runScript(TestCaseExecutor.java:328)
	at com.kms.katalon.core.main.TestCaseExecutor.doExecute(TestCaseExecutor.java:319)
	at com.kms.katalon.core.main.TestCaseExecutor.processExecutionPhase(TestCaseExecutor.java:298)
	at com.kms.katalon.core.main.TestCaseExecutor.accessMainPhase(TestCaseExecutor.java:290)
	at com.kms.katalon.core.main.TestCaseExecutor.execute(TestCaseExecutor.java:224)
	at com.kms.katalon.core.main.TestSuiteExecutor.accessTestCaseMainPhase(TestSuiteExecutor.java:129)
	at com.kms.katalon.core.main.TestSuiteExecutor.accessTestSuiteMainPhase(TestSuiteExecutor.java:112)
	at com.kms.katalon.core.main.TestSuiteExecutor.execute(TestSuiteExecutor.java:81)
	at com.kms.katalon.core.main.TestCaseMain.startTestSuite(TestCaseMain.java:149)
	at com.kms.katalon.core.main.TestCaseMain$startTestSuite$0.call(Unknown Source)
	at TempTestSuite1548902574780.run(TempTestSuite1548902574780.groovy:36)]]></system-out>
         <system-err><![CDATA[2019-01-31 11:43:44 - [TEST_CASE][ERROR] - Test Cases/search_ord_from_bo: Test Cases/search_ord_from_bo FAILED.
Reason:
groovy.lang.MissingPropertyException: No such property: ord_no for class: Script1548900125051
	at search_ord_from_bo.run(search_ord_from_bo:38)
	at com.kms.katalon.core.main.ScriptEngine.run(ScriptEngine.java:194)
	at com.kms.katalon.core.main.ScriptEngine.runScriptAsRawText(ScriptEngine.java:119)
	at com.kms.katalon.core.main.TestCaseExecutor.runScript(TestCaseExecutor.java:328)
	at com.kms.katalon.core.main.TestCaseExecutor.doExecute(TestCaseExecutor.java:319)
	at com.kms.katalon.core.main.TestCaseExecutor.processExecutionPhase(TestCaseExecutor.java:298)
	at com.kms.katalon.core.main.TestCaseExecutor.accessMainPhase(TestCaseExecutor.java:290)
	at com.kms.katalon.core.main.TestCaseExecutor.execute(TestCaseExecutor.java:224)
	at com.kms.katalon.core.main.TestSuiteExecutor.accessTestCaseMainPhase(TestSuiteExecutor.java:129)
	at com.kms.katalon.core.main.TestSuiteExecutor.accessTestSuiteMainPhase(TestSuiteExecutor.java:112)
	at com.kms.katalon.core.main.TestSuiteExecutor.execute(TestSuiteExecutor.java:81)
	at com.kms.katalon.core.main.TestCaseMain.startTestSuite(TestCaseMain.java:149)
	at com.kms.katalon.core.main.TestCaseMain$startTestSuite$0.call(Unknown Source)
	at TempTestSuite1548902574780.run(TempTestSuite1548902574780.groovy:36)]]></system-err>
      </testcase>
      <system-out><![CDATA[2019-01-31 11:42:56 - [TEST_SUITE][ERROR] - order_integrate: Test Cases/search_ord_from_bo FAILED.
Reason:
groovy.lang.MissingPropertyException: No such property: ord_no for class: Script1548900125051
	at search_ord_from_bo.run(search_ord_from_bo:38)
	at com.kms.katalon.core.main.ScriptEngine.run(ScriptEngine.java:194)
	at com.kms.katalon.core.main.ScriptEngine.runScriptAsRawText(ScriptEngine.java:119)
	at com.kms.katalon.core.main.TestCaseExecutor.runScript(TestCaseExecutor.java:328)
	at com.kms.katalon.core.main.TestCaseExecutor.doExecute(TestCaseExecutor.java:319)
	at com.kms.katalon.core.main.TestCaseExecutor.processExecutionPhase(TestCaseExecutor.java:298)
	at com.kms.katalon.core.main.TestCaseExecutor.accessMainPhase(TestCaseExecutor.java:290)
	at com.kms.katalon.core.main.TestCaseExecutor.execute(TestCaseExecutor.java:224)
	at com.kms.katalon.core.main.TestSuiteExecutor.accessTestCaseMainPhase(TestSuiteExecutor.java:129)
	at com.kms.katalon.core.main.TestSuiteExecutor.accessTestSuiteMainPhase(TestSuiteExecutor.java:112)
	at com.kms.katalon.core.main.TestSuiteExecutor.execute(TestSuiteExecutor.java:81)
	at com.kms.katalon.core.main.TestCaseMain.startTestSuite(TestCaseMain.java:149)
	at com.kms.katalon.core.main.TestCaseMain$startTestSuite$0.call(Unknown Source)
	at TempTestSuite1548902574780.run(TempTestSuite1548902574780.groovy:36)]]></system-out>
      <system-err><![CDATA[2019-01-31 11:42:56 - [TEST_SUITE][ERROR] - order_integrate: Test Cases/search_ord_from_bo FAILED.
Reason:
groovy.lang.MissingPropertyException: No such property: ord_no for class: Script1548900125051
	at search_ord_from_bo.run(search_ord_from_bo:38)
	at com.kms.katalon.core.main.ScriptEngine.run(ScriptEngine.java:194)
	at com.kms.katalon.core.main.ScriptEngine.runScriptAsRawText(ScriptEngine.java:119)
	at com.kms.katalon.core.main.TestCaseExecutor.runScript(TestCaseExecutor.java:328)
	at com.kms.katalon.core.main.TestCaseExecutor.doExecute(TestCaseExecutor.java:319)
	at com.kms.katalon.core.main.TestCaseExecutor.processExecutionPhase(TestCaseExecutor.java:298)
	at com.kms.katalon.core.main.TestCaseExecutor.accessMainPhase(TestCaseExecutor.java:290)
	at com.kms.katalon.core.main.TestCaseExecutor.execute(TestCaseExecutor.java:224)
	at com.kms.katalon.core.main.TestSuiteExecutor.accessTestCaseMainPhase(TestSuiteExecutor.java:129)
	at com.kms.katalon.core.main.TestSuiteExecutor.accessTestSuiteMainPhase(TestSuiteExecutor.java:112)
	at com.kms.katalon.core.main.TestSuiteExecutor.execute(TestSuiteExecutor.java:81)
	at com.kms.katalon.core.main.TestCaseMain.startTestSuite(TestCaseMain.java:149)
	at com.kms.katalon.core.main.TestCaseMain$startTestSuite$0.call(Unknown Source)
	at TempTestSuite1548902574780.run(TempTestSuite1548902574780.groovy:36)]]></system-err>
   </testsuite>
</testsuites>
