<?xml version="1.0" encoding="UTF-8"?>
<testsuites name="order" time="97" tests="1" failures="1" errors="0">
   <testsuite name="order" tests="1" failures="1" errors="0" time="97" timestamp="2019-01-30 11:03:03" hostname="140179 - AD0-W-D10596.ssg.global" id="Test Suites/order">
      <properties>
         <property name="deviceName" value=""/>
         <property name="devicePlatform" value=""/>
         <property name="logFolder" value="D:\\development\\katalon\\ssg\\Reports\\order\\20190130_110300"/>
         <property name="logFiles" value="D:\\development\\katalon\\ssg\\Reports\\order\\20190130_110300\\execution0.log"/>
         <property name="attachments" value="D:\\development\\katalon\\ssg\\Reports\\order\\20190130_110300\\1548813879026.png"/>
         <property name="hostName" value="140179 - AD0-W-D10596.ssg.global"/>
         <property name="os" value="Windows 7 64bit"/>
         <property name="katalonVersion" value="5.10.1.1"/>
         <property name="browser" value="Chrome 71.0.3578.98"/>
         <property name="hostAddress" value="10.149.181.162"/>
         <property name="sessionId" value="7cc92f30d085930f43ec805538013000"/>
         <property name="seleniumVersion" value="3.7.1"/>
         <property name="proxyInformation" value="ProxyInformation{proxyOption=NO_PROXY, proxyServerType=HTTP, password=, proxyServerAddress=, proxyServerPort=0}"/>
         <property name="platform" value="Windows 7"/>
      </properties>
      <testcase name="Test Cases/ssg_login" classname="Test Cases/ssg_login" status="PASSED">
         <system-out><![CDATA[2019-01-30 11:03:03 - [TEST_CASE][PASSED] - Test Cases/ssg_login: Test Cases/ssg_login

2019-01-30 11:03:03 - [TEST_STEP][PASSED] - openBrowser(""): Browser is opened with url: ''

2019-01-30 11:03:30 - [MESSAGE][INFO] - Starting 'Chrome' driver

2019-01-30 11:03:30 - [MESSAGE][INFO] - Action delay is set to 0 seconds

2019-01-30 11:03:42 - [MESSAGE][PASSED] - Browser is opened with url: ''

2019-01-30 11:03:42 - [TEST_STEP][PASSED] - navigateToUrl("http://qa-www.ssg.com/"): Navigate to 'http://qa-www.ssg.com/' successfully

2019-01-30 11:03:48 - [MESSAGE][PASSED] - Navigate to 'http://qa-www.ssg.com/' successfully

2019-01-30 11:03:48 - [TEST_STEP][PASSED] - click(findTestObject("Object Repository/order/a_")): Object: 'Object Repository/order/a_' is clicked on

2019-01-30 11:03:48 - [MESSAGE][PASSED] - Object: 'Object Repository/order/a_' is clicked on

2019-01-30 11:03:48 - [TEST_STEP][PASSED] - switchToWindowTitle("로그인, 신세계적 쇼핑포털 SSG.COM"): Switched to window with title: '로그인, 신세계적 쇼핑포털 SSG.COM'

2019-01-30 11:03:50 - [MESSAGE][PASSED] - Switched to window with title: '로그인, 신세계적 쇼핑포털 SSG.COM'

2019-01-30 11:03:50 - [TEST_STEP][PASSED] - setText(findTestObject("Object Repository/order/input__mbrLoginId"), "nezz"): Text 'nezz' is set on object 'Object Repository/order/input__mbrLoginId'

2019-01-30 11:03:50 - [MESSAGE][PASSED] - Text 'nezz' is set on object 'Object Repository/order/input__mbrLoginId'

2019-01-30 11:03:50 - [TEST_STEP][PASSED] - setEncryptedText(findTestObject("Object Repository/order/input__password"), "RKSwBYi2f48="): Text ****** has been set on object 'Object Repository/order/input__password'

2019-01-30 11:03:51 - [MESSAGE][PASSED] - Text ****** has been set on object 'Object Repository/order/input__password'

2019-01-30 11:03:51 - [TEST_STEP][PASSED] - click(findTestObject("Object Repository/order/button_")): Object: 'Object Repository/order/button_' is clicked on

2019-01-30 11:03:51 - [MESSAGE][PASSED] - Object: 'Object Repository/order/button_' is clicked on

2019-01-30 11:03:51 - [TEST_STEP][PASSED] - switchToWindowTitle("신세계적 쇼핑포털 SSG.COM"): Switched to window with title: '신세계적 쇼핑포털 SSG.COM'

2019-01-30 11:03:51 - [MESSAGE][PASSED] - Switched to window with title: '신세계적 쇼핑포털 SSG.COM']]></system-out>
         <system-err><![CDATA[]]></system-err>
      </testcase>
      <testcase name="Test Cases/ssg_order" classname="Test Cases/ssg_order" status="FAILED">
         <failure type="FAILED" message="Test Cases/ssg_order FAILED.
Reason:
com.kms.katalon.core.exception.StepFailedException: Unable to click on object 'Object Repository/order/input__rsvtShppInfo_1_0' (Root cause: com.kms.katalon.core.webui.exception.WebElementNotFoundException: Web element with id: 'Object Repository/order/input__rsvtShppInfo_1_0' located by 'By.xpath: //input[@id='rsvtShppInfo_1_0_5_0_0']' not found)
	at com.kms.katalon.core.keyword.internal.KeywordMain.stepFailed(KeywordMain.groovy:36)
	at com.kms.katalon.core.webui.keyword.internal.WebUIKeywordMain.stepFailed(WebUIKeywordMain.groovy:65)
	at com.kms.katalon.core.webui.keyword.internal.WebUIKeywordMain.runKeyword(WebUIKeywordMain.groovy:27)
	at com.kms.katalon.core.webui.keyword.builtin.ClickKeyword.click(ClickKeyword.groovy:86)
	at com.kms.katalon.core.webui.keyword.builtin.ClickKeyword.execute(ClickKeyword.groovy:67)
	at com.kms.katalon.core.keyword.internal.KeywordExecutor.executeKeywordForPlatform(KeywordExecutor.groovy:53)
	at com.kms.katalon.core.webui.keyword.WebUiBuiltInKeywords.click(WebUiBuiltInKeywords.groovy:616)
	at com.kms.katalon.core.webui.keyword.WebUiBuiltInKeywords$click$1.call(Unknown Source)
	at ssg_order.run(ssg_order:23)
	at com.kms.katalon.core.main.ScriptEngine.run(ScriptEngine.java:194)
	at com.kms.katalon.core.main.ScriptEngine.runScriptAsRawText(ScriptEngine.java:119)
	at com.kms.katalon.core.main.TestCaseExecutor.runScript(TestCaseExecutor.java:328)
	at com.kms.katalon.core.main.TestCaseExecutor.doExecute(TestCaseExecutor.java:319)
	at com.kms.katalon.core.main.TestCaseExecutor.processExecutionPhase(TestCaseExecutor.java:298)
	at com.kms.katalon.core.main.TestCaseExecutor.accessMainPhase(TestCaseExecutor.java:290)
	at com.kms.katalon.core.main.TestCaseExecutor.execute(TestCaseExecutor.java:224)
	at com.kms.katalon.core.main.TestSuiteExecutor.accessTestCaseMainPhase(TestSuiteExecutor.java:129)
	at com.kms.katalon.core.main.TestSuiteExecutor.accessTestSuiteMainPhase(TestSuiteExecutor.java:112)
	at com.kms.katalon.core.main.TestSuiteExecutor.execute(TestSuiteExecutor.java:81)
	at com.kms.katalon.core.main.TestCaseMain.startTestSuite(TestCaseMain.java:149)
	at com.kms.katalon.core.main.TestCaseMain$startTestSuite$0.call(Unknown Source)
	at TempTestSuite1548813780814.run(TempTestSuite1548813780814.groovy:36)
"/>
         <system-out><![CDATA[2019-01-30 11:03:51 - [TEST_CASE][FAILED] - Test Cases/ssg_order: Test Cases/ssg_order FAILED.
Reason:
com.kms.katalon.core.exception.StepFailedException: Unable to click on object 'Object Repository/order/input__rsvtShppInfo_1_0' (Root cause: com.kms.katalon.core.webui.exception.WebElementNotFoundException: Web element with id: 'Object Repository/order/input__rsvtShppInfo_1_0' located by 'By.xpath: //input[@id='rsvtShppInfo_1_0_5_0_0']' not found)
	at com.kms.katalon.core.keyword.internal.KeywordMain.stepFailed(KeywordMain.groovy:36)
	at com.kms.katalon.core.webui.keyword.internal.WebUIKeywordMain.stepFailed(WebUIKeywordMain.groovy:65)
	at com.kms.katalon.core.webui.keyword.internal.WebUIKeywordMain.runKeyword(WebUIKeywordMain.groovy:27)
	at com.kms.katalon.core.webui.keyword.builtin.ClickKeyword.click(ClickKeyword.groovy:86)
	at com.kms.katalon.core.webui.keyword.builtin.ClickKeyword.execute(ClickKeyword.groovy:67)
	at com.kms.katalon.core.keyword.internal.KeywordExecutor.executeKeywordForPlatform(KeywordExecutor.groovy:53)
	at com.kms.katalon.core.webui.keyword.WebUiBuiltInKeywords.click(WebUiBuiltInKeywords.groovy:616)
	at com.kms.katalon.core.webui.keyword.WebUiBuiltInKeywords$click$1.call(Unknown Source)
	at ssg_order.run(ssg_order:23)
	at com.kms.katalon.core.main.ScriptEngine.run(ScriptEngine.java:194)
	at com.kms.katalon.core.main.ScriptEngine.runScriptAsRawText(ScriptEngine.java:119)
	at com.kms.katalon.core.main.TestCaseExecutor.runScript(TestCaseExecutor.java:328)
	at com.kms.katalon.core.main.TestCaseExecutor.doExecute(TestCaseExecutor.java:319)
	at com.kms.katalon.core.main.TestCaseExecutor.processExecutionPhase(TestCaseExecutor.java:298)
	at com.kms.katalon.core.main.TestCaseExecutor.accessMainPhase(TestCaseExecutor.java:290)
	at com.kms.katalon.core.main.TestCaseExecutor.execute(TestCaseExecutor.java:224)
	at com.kms.katalon.core.main.TestSuiteExecutor.accessTestCaseMainPhase(TestSuiteExecutor.java:129)
	at com.kms.katalon.core.main.TestSuiteExecutor.accessTestSuiteMainPhase(TestSuiteExecutor.java:112)
	at com.kms.katalon.core.main.TestSuiteExecutor.execute(TestSuiteExecutor.java:81)
	at com.kms.katalon.core.main.TestCaseMain.startTestSuite(TestCaseMain.java:149)
	at com.kms.katalon.core.main.TestCaseMain$startTestSuite$0.call(Unknown Source)
	at TempTestSuite1548813780814.run(TempTestSuite1548813780814.groovy:36)


2019-01-30 11:03:51 - [TEST_STEP][PASSED] - navigateToUrl("http://qa-emart.ssg.com/item/itemView.ssg?itemId=0000008026713&siteNo=6001&salestrNo=2034"): Navigate to 'http://qa-emart.ssg.com/item/itemView.ssg?itemId=0000008026713&siteNo=6001&salestrNo=2034' successfully

2019-01-30 11:04:04 - [MESSAGE][PASSED] - Navigate to 'http://qa-emart.ssg.com/item/itemView.ssg?itemId=0000008026713&siteNo=6001&salestrNo=2034' successfully

2019-01-30 11:04:04 - [TEST_STEP][PASSED] - click(findTestObject("Object Repository/order/a__1")): Object: 'Object Repository/order/a__1' is clicked on

2019-01-30 11:04:08 - [MESSAGE][PASSED] - Object: 'Object Repository/order/a__1' is clicked on

2019-01-30 11:04:08 - [TEST_STEP][PASSED] - click(findTestObject("Object Repository/order/td_800g ()")): Object: 'Object Repository/order/td_800g ()' is clicked on

2019-01-30 11:04:08 - [MESSAGE][PASSED] - Object: 'Object Repository/order/td_800g ()' is clicked on

2019-01-30 11:04:08 - [TEST_STEP][FAILED] - click(findTestObject("Object Repository/order/input__rsvtShppInfo_1_0")): click(findTestObject("Object Repository/order/input__rsvtShppInfo_1_0")) FAILED.
Reason:
com.kms.katalon.core.exception.StepFailedException: Unable to click on object 'Object Repository/order/input__rsvtShppInfo_1_0' (Root cause: com.kms.katalon.core.webui.exception.WebElementNotFoundException: Web element with id: 'Object Repository/order/input__rsvtShppInfo_1_0' located by 'By.xpath: //input[@id='rsvtShppInfo_1_0_5_0_0']' not found)
	at com.kms.katalon.core.keyword.internal.KeywordMain.stepFailed(KeywordMain.groovy:36)
	at com.kms.katalon.core.webui.keyword.internal.WebUIKeywordMain.stepFailed(WebUIKeywordMain.groovy:65)
	at com.kms.katalon.core.webui.keyword.internal.WebUIKeywordMain.runKeyword(WebUIKeywordMain.groovy:27)
	at com.kms.katalon.core.webui.keyword.builtin.ClickKeyword.click(ClickKeyword.groovy:86)
	at com.kms.katalon.core.webui.keyword.builtin.ClickKeyword.execute(ClickKeyword.groovy:67)
	at com.kms.katalon.core.keyword.internal.KeywordExecutor.executeKeywordForPlatform(KeywordExecutor.groovy:53)
	at com.kms.katalon.core.webui.keyword.WebUiBuiltInKeywords.click(WebUiBuiltInKeywords.groovy:616)
	at com.kms.katalon.core.webui.keyword.WebUiBuiltInKeywords$click$1.call(Unknown Source)
	at ssg_order.run(ssg_order:23)
	at com.kms.katalon.core.main.ScriptEngine.run(ScriptEngine.java:194)
	at com.kms.katalon.core.main.ScriptEngine.runScriptAsRawText(ScriptEngine.java:119)
	at com.kms.katalon.core.main.TestCaseExecutor.runScript(TestCaseExecutor.java:328)
	at com.kms.katalon.core.main.TestCaseExecutor.doExecute(TestCaseExecutor.java:319)
	at com.kms.katalon.core.main.TestCaseExecutor.processExecutionPhase(TestCaseExecutor.java:298)
	at com.kms.katalon.core.main.TestCaseExecutor.accessMainPhase(TestCaseExecutor.java:290)
	at com.kms.katalon.core.main.TestCaseExecutor.execute(TestCaseExecutor.java:224)
	at com.kms.katalon.core.main.TestSuiteExecutor.accessTestCaseMainPhase(TestSuiteExecutor.java:129)
	at com.kms.katalon.core.main.TestSuiteExecutor.accessTestSuiteMainPhase(TestSuiteExecutor.java:112)
	at com.kms.katalon.core.main.TestSuiteExecutor.execute(TestSuiteExecutor.java:81)
	at com.kms.katalon.core.main.TestCaseMain.startTestSuite(TestCaseMain.java:149)
	at com.kms.katalon.core.main.TestCaseMain$startTestSuite$0.call(Unknown Source)
	at TempTestSuite1548813780814.run(TempTestSuite1548813780814.groovy:36)


2019-01-30 11:04:39 - [MESSAGE][INFO] - Unable to find the element located by 'By.xpath: //input[@id='rsvtShppInfo_1_0_5_0_0']'. Please recheck the objects properties to make sure the desired element is located. 

2019-01-30 11:04:39 - [MESSAGE][FAILED] - Unable to click on object 'Object Repository/order/input__rsvtShppInfo_1_0' (Root cause: com.kms.katalon.core.webui.exception.WebElementNotFoundException: Web element with id: 'Object Repository/order/input__rsvtShppInfo_1_0' located by 'By.xpath: //input[@id='rsvtShppInfo_1_0_5_0_0']' not found)
[[ATTACHMENT|D:\\development\\katalon\\ssg\\Reports\\order\\20190130_110300\\1548813879026.png]]

2019-01-30 11:04:39 - [MESSAGE][FAILED] - click(findTestObject("Object Repository/order/input__rsvtShppInfo_1_0")) FAILED.
Reason:
com.kms.katalon.core.exception.StepFailedException: Unable to click on object 'Object Repository/order/input__rsvtShppInfo_1_0' (Root cause: com.kms.katalon.core.webui.exception.WebElementNotFoundException: Web element with id: 'Object Repository/order/input__rsvtShppInfo_1_0' located by 'By.xpath: //input[@id='rsvtShppInfo_1_0_5_0_0']' not found)
	at com.kms.katalon.core.keyword.internal.KeywordMain.stepFailed(KeywordMain.groovy:36)
	at com.kms.katalon.core.webui.keyword.internal.WebUIKeywordMain.stepFailed(WebUIKeywordMain.groovy:65)
	at com.kms.katalon.core.webui.keyword.internal.WebUIKeywordMain.runKeyword(WebUIKeywordMain.groovy:27)
	at com.kms.katalon.core.webui.keyword.builtin.ClickKeyword.click(ClickKeyword.groovy:86)
	at com.kms.katalon.core.webui.keyword.builtin.ClickKeyword.execute(ClickKeyword.groovy:67)
	at com.kms.katalon.core.keyword.internal.KeywordExecutor.executeKeywordForPlatform(KeywordExecutor.groovy:53)
	at com.kms.katalon.core.webui.keyword.WebUiBuiltInKeywords.click(WebUiBuiltInKeywords.groovy:616)
	at com.kms.katalon.core.webui.keyword.WebUiBuiltInKeywords$click$1.call(Unknown Source)
	at ssg_order.run(ssg_order:23)
	at com.kms.katalon.core.main.ScriptEngine.run(ScriptEngine.java:194)
	at com.kms.katalon.core.main.ScriptEngine.runScriptAsRawText(ScriptEngine.java:119)
	at com.kms.katalon.core.main.TestCaseExecutor.runScript(TestCaseExecutor.java:328)
	at com.kms.katalon.core.main.TestCaseExecutor.doExecute(TestCaseExecutor.java:319)
	at com.kms.katalon.core.main.TestCaseExecutor.processExecutionPhase(TestCaseExecutor.java:298)
	at com.kms.katalon.core.main.TestCaseExecutor.accessMainPhase(TestCaseExecutor.java:290)
	at com.kms.katalon.core.main.TestCaseExecutor.execute(TestCaseExecutor.java:224)
	at com.kms.katalon.core.main.TestSuiteExecutor.accessTestCaseMainPhase(TestSuiteExecutor.java:129)
	at com.kms.katalon.core.main.TestSuiteExecutor.accessTestSuiteMainPhase(TestSuiteExecutor.java:112)
	at com.kms.katalon.core.main.TestSuiteExecutor.execute(TestSuiteExecutor.java:81)
	at com.kms.katalon.core.main.TestCaseMain.startTestSuite(TestCaseMain.java:149)
	at com.kms.katalon.core.main.TestCaseMain$startTestSuite$0.call(Unknown Source)
	at TempTestSuite1548813780814.run(TempTestSuite1548813780814.groovy:36)]]></system-out>
         <system-err><![CDATA[2019-01-30 11:03:51 - [TEST_CASE][FAILED] - Test Cases/ssg_order: Test Cases/ssg_order FAILED.
Reason:
com.kms.katalon.core.exception.StepFailedException: Unable to click on object 'Object Repository/order/input__rsvtShppInfo_1_0' (Root cause: com.kms.katalon.core.webui.exception.WebElementNotFoundException: Web element with id: 'Object Repository/order/input__rsvtShppInfo_1_0' located by 'By.xpath: //input[@id='rsvtShppInfo_1_0_5_0_0']' not found)
	at com.kms.katalon.core.keyword.internal.KeywordMain.stepFailed(KeywordMain.groovy:36)
	at com.kms.katalon.core.webui.keyword.internal.WebUIKeywordMain.stepFailed(WebUIKeywordMain.groovy:65)
	at com.kms.katalon.core.webui.keyword.internal.WebUIKeywordMain.runKeyword(WebUIKeywordMain.groovy:27)
	at com.kms.katalon.core.webui.keyword.builtin.ClickKeyword.click(ClickKeyword.groovy:86)
	at com.kms.katalon.core.webui.keyword.builtin.ClickKeyword.execute(ClickKeyword.groovy:67)
	at com.kms.katalon.core.keyword.internal.KeywordExecutor.executeKeywordForPlatform(KeywordExecutor.groovy:53)
	at com.kms.katalon.core.webui.keyword.WebUiBuiltInKeywords.click(WebUiBuiltInKeywords.groovy:616)
	at com.kms.katalon.core.webui.keyword.WebUiBuiltInKeywords$click$1.call(Unknown Source)
	at ssg_order.run(ssg_order:23)
	at com.kms.katalon.core.main.ScriptEngine.run(ScriptEngine.java:194)
	at com.kms.katalon.core.main.ScriptEngine.runScriptAsRawText(ScriptEngine.java:119)
	at com.kms.katalon.core.main.TestCaseExecutor.runScript(TestCaseExecutor.java:328)
	at com.kms.katalon.core.main.TestCaseExecutor.doExecute(TestCaseExecutor.java:319)
	at com.kms.katalon.core.main.TestCaseExecutor.processExecutionPhase(TestCaseExecutor.java:298)
	at com.kms.katalon.core.main.TestCaseExecutor.accessMainPhase(TestCaseExecutor.java:290)
	at com.kms.katalon.core.main.TestCaseExecutor.execute(TestCaseExecutor.java:224)
	at com.kms.katalon.core.main.TestSuiteExecutor.accessTestCaseMainPhase(TestSuiteExecutor.java:129)
	at com.kms.katalon.core.main.TestSuiteExecutor.accessTestSuiteMainPhase(TestSuiteExecutor.java:112)
	at com.kms.katalon.core.main.TestSuiteExecutor.execute(TestSuiteExecutor.java:81)
	at com.kms.katalon.core.main.TestCaseMain.startTestSuite(TestCaseMain.java:149)
	at com.kms.katalon.core.main.TestCaseMain$startTestSuite$0.call(Unknown Source)
	at TempTestSuite1548813780814.run(TempTestSuite1548813780814.groovy:36)]]></system-err>
      </testcase>
      <system-out><![CDATA[2019-01-30 11:03:03 - [TEST_SUITE][FAILED] - order: Test Cases/ssg_order FAILED.
Reason:
com.kms.katalon.core.exception.StepFailedException: Unable to click on object 'Object Repository/order/input__rsvtShppInfo_1_0' (Root cause: com.kms.katalon.core.webui.exception.WebElementNotFoundException: Web element with id: 'Object Repository/order/input__rsvtShppInfo_1_0' located by 'By.xpath: //input[@id='rsvtShppInfo_1_0_5_0_0']' not found)
	at com.kms.katalon.core.keyword.internal.KeywordMain.stepFailed(KeywordMain.groovy:36)
	at com.kms.katalon.core.webui.keyword.internal.WebUIKeywordMain.stepFailed(WebUIKeywordMain.groovy:65)
	at com.kms.katalon.core.webui.keyword.internal.WebUIKeywordMain.runKeyword(WebUIKeywordMain.groovy:27)
	at com.kms.katalon.core.webui.keyword.builtin.ClickKeyword.click(ClickKeyword.groovy:86)
	at com.kms.katalon.core.webui.keyword.builtin.ClickKeyword.execute(ClickKeyword.groovy:67)
	at com.kms.katalon.core.keyword.internal.KeywordExecutor.executeKeywordForPlatform(KeywordExecutor.groovy:53)
	at com.kms.katalon.core.webui.keyword.WebUiBuiltInKeywords.click(WebUiBuiltInKeywords.groovy:616)
	at com.kms.katalon.core.webui.keyword.WebUiBuiltInKeywords$click$1.call(Unknown Source)
	at ssg_order.run(ssg_order:23)
	at com.kms.katalon.core.main.ScriptEngine.run(ScriptEngine.java:194)
	at com.kms.katalon.core.main.ScriptEngine.runScriptAsRawText(ScriptEngine.java:119)
	at com.kms.katalon.core.main.TestCaseExecutor.runScript(TestCaseExecutor.java:328)
	at com.kms.katalon.core.main.TestCaseExecutor.doExecute(TestCaseExecutor.java:319)
	at com.kms.katalon.core.main.TestCaseExecutor.processExecutionPhase(TestCaseExecutor.java:298)
	at com.kms.katalon.core.main.TestCaseExecutor.accessMainPhase(TestCaseExecutor.java:290)
	at com.kms.katalon.core.main.TestCaseExecutor.execute(TestCaseExecutor.java:224)
	at com.kms.katalon.core.main.TestSuiteExecutor.accessTestCaseMainPhase(TestSuiteExecutor.java:129)
	at com.kms.katalon.core.main.TestSuiteExecutor.accessTestSuiteMainPhase(TestSuiteExecutor.java:112)
	at com.kms.katalon.core.main.TestSuiteExecutor.execute(TestSuiteExecutor.java:81)
	at com.kms.katalon.core.main.TestCaseMain.startTestSuite(TestCaseMain.java:149)
	at com.kms.katalon.core.main.TestCaseMain$startTestSuite$0.call(Unknown Source)
	at TempTestSuite1548813780814.run(TempTestSuite1548813780814.groovy:36)]]></system-out>
      <system-err><![CDATA[2019-01-30 11:03:03 - [TEST_SUITE][FAILED] - order: Test Cases/ssg_order FAILED.
Reason:
com.kms.katalon.core.exception.StepFailedException: Unable to click on object 'Object Repository/order/input__rsvtShppInfo_1_0' (Root cause: com.kms.katalon.core.webui.exception.WebElementNotFoundException: Web element with id: 'Object Repository/order/input__rsvtShppInfo_1_0' located by 'By.xpath: //input[@id='rsvtShppInfo_1_0_5_0_0']' not found)
	at com.kms.katalon.core.keyword.internal.KeywordMain.stepFailed(KeywordMain.groovy:36)
	at com.kms.katalon.core.webui.keyword.internal.WebUIKeywordMain.stepFailed(WebUIKeywordMain.groovy:65)
	at com.kms.katalon.core.webui.keyword.internal.WebUIKeywordMain.runKeyword(WebUIKeywordMain.groovy:27)
	at com.kms.katalon.core.webui.keyword.builtin.ClickKeyword.click(ClickKeyword.groovy:86)
	at com.kms.katalon.core.webui.keyword.builtin.ClickKeyword.execute(ClickKeyword.groovy:67)
	at com.kms.katalon.core.keyword.internal.KeywordExecutor.executeKeywordForPlatform(KeywordExecutor.groovy:53)
	at com.kms.katalon.core.webui.keyword.WebUiBuiltInKeywords.click(WebUiBuiltInKeywords.groovy:616)
	at com.kms.katalon.core.webui.keyword.WebUiBuiltInKeywords$click$1.call(Unknown Source)
	at ssg_order.run(ssg_order:23)
	at com.kms.katalon.core.main.ScriptEngine.run(ScriptEngine.java:194)
	at com.kms.katalon.core.main.ScriptEngine.runScriptAsRawText(ScriptEngine.java:119)
	at com.kms.katalon.core.main.TestCaseExecutor.runScript(TestCaseExecutor.java:328)
	at com.kms.katalon.core.main.TestCaseExecutor.doExecute(TestCaseExecutor.java:319)
	at com.kms.katalon.core.main.TestCaseExecutor.processExecutionPhase(TestCaseExecutor.java:298)
	at com.kms.katalon.core.main.TestCaseExecutor.accessMainPhase(TestCaseExecutor.java:290)
	at com.kms.katalon.core.main.TestCaseExecutor.execute(TestCaseExecutor.java:224)
	at com.kms.katalon.core.main.TestSuiteExecutor.accessTestCaseMainPhase(TestSuiteExecutor.java:129)
	at com.kms.katalon.core.main.TestSuiteExecutor.accessTestSuiteMainPhase(TestSuiteExecutor.java:112)
	at com.kms.katalon.core.main.TestSuiteExecutor.execute(TestSuiteExecutor.java:81)
	at com.kms.katalon.core.main.TestCaseMain.startTestSuite(TestCaseMain.java:149)
	at com.kms.katalon.core.main.TestCaseMain$startTestSuite$0.call(Unknown Source)
	at TempTestSuite1548813780814.run(TempTestSuite1548813780814.groovy:36)]]></system-err>
   </testsuite>
</testsuites>
